<?xml version="1.0" encoding="UTF-8"?>
<!-- Generated by org.testng.reporters.JUnitReportReporter -->
<testsuite hostname="EPLLP047" name="qa.com.test.testcases.BuyerRegistrationTestcase" tests="1" failures="0" timestamp="16 Dec 2019 06:30:19 GMT" time="44.807" errors="0">
  <testcase name="buyerRegistrationNonasIndividual" time="44.807" classname="qa.com.test.testcases.BuyerRegistrationTestcase"/>
</testsuite> <!-- qa.com.test.testcases.BuyerRegistrationTestcase -->
