<?xml version="1.0" encoding="UTF-8"?>
<!-- Generated by org.testng.reporters.JUnitReportReporter -->
<testsuite hostname="EPLLP047" name="qa.com.test.Blog_click" tests="1" failures="0" timestamp="7 Nov 2019 07:10:44 GMT" time="9.406" errors="0">
  <testcase name="blogclick" time="9.406" classname="qa.com.test.Blog_click"/>
</testsuite> <!-- qa.com.test.Blog_click -->
