<?xml version="1.0" encoding="UTF-8"?>
<!-- Generated by org.testng.reporters.JUnitReportReporter -->
<testsuite hostname="EPLLP047" name="qa.com.test.testcases.BlogListing" tests="1" failures="0" timestamp="13 Nov 2019 09:42:00 GMT" time="5.232" errors="0">
  <testcase name="BlogClickAction" time="5.232" classname="qa.com.test.testcases.BlogListing"/>
</testsuite> <!-- qa.com.test.testcases.BlogListing -->
