<?xml version="1.0" encoding="UTF-8"?>
<!-- Generated by org.testng.reporters.JUnitReportReporter -->
<testsuite hostname="EPLLP047" name="test.SearchSkillSeller" tests="1" failures="0" timestamp="7 Nov 2019 05:04:12 GMT" time="8.450" errors="0">
  <testcase name="SearchSkills" time="8.450" classname="test.SearchSkillSeller"/>
</testsuite> <!-- test.SearchSkillSeller -->
