<?xml version="1.0" encoding="UTF-8"?>
<!-- Generated by org.testng.reporters.JUnitReportReporter -->
<testsuite hostname="EPLLP047" name="qa.com.test.testcases.BuyerRegistrationTestcase" tests="1" failures="0" timestamp="11 Dec 2019 09:36:20 GMT" time="26.815" errors="0">
  <testcase name="buyerRegistration" time="26.815" classname="qa.com.test.testcases.BuyerRegistrationTestcase"/>
</testsuite> <!-- qa.com.test.testcases.BuyerRegistrationTestcase -->
