<?xml version="1.0" encoding="UTF-8"?>
<!-- Generated by org.testng.reporters.JUnitReportReporter -->
<testsuite hostname="EPLLP047" name="qa.com.test.detailtesting.Blogfreelancerclickaction" tests="1" failures="0" timestamp="11 Nov 2019 04:49:57 GMT" time="9.682" errors="0">
  <testcase name="blogfreelancerbuttonclick" time="9.682" classname="qa.com.test.detailtesting.Blogfreelancerclickaction"/>
</testsuite> <!-- qa.com.test.detailtesting.Blogfreelancerclickaction -->
