<?xml version="1.0" encoding="UTF-8"?>
<!-- Generated by org.testng.reporters.JUnitReportReporter -->
<testsuite hostname="EPLLP047" name="qa.com.test.testcases.SellerOnboardingTestcase" tests="1" failures="0" timestamp="16 Dec 2019 09:17:42 GMT" time="53.722" errors="0">
  <testcase name="sellerOnboardingUsingDataBaseskill" time="53.722" classname="qa.com.test.testcases.SellerOnboardingTestcase"/>
</testsuite> <!-- qa.com.test.testcases.SellerOnboardingTestcase -->
