<?xml version="1.0" encoding="UTF-8"?>
<!-- Generated by org.testng.reporters.JUnitReportReporter -->
<testsuite hostname="EPLLP047" name="qa.com.test.testcases.LoginTestcase" tests="3" failures="0" timestamp="16 Dec 2019 05:15:18 GMT" time="39.630" errors="0">
  <testcase name="LoginManualEmailPasswordcorrect" time="9.286" classname="qa.com.test.testcases.LoginTestcase"/>
  <testcase name="GoogleLoginTestcase" time="15.434" classname="qa.com.test.testcases.LoginTestcase"/>
  <testcase name="EmailFacebookLogin" time="14.910" classname="qa.com.test.testcases.LoginTestcase"/>
</testsuite> <!-- qa.com.test.testcases.LoginTestcase -->
