<?xml version="1.0" encoding="UTF-8"?>
<!-- Generated by org.testng.reporters.JUnitReportReporter -->
<testsuite hostname="EPLLP047" name="qa.com.test.flows.Moonlyteblogclickaction" tests="1" failures="0" timestamp="11 Nov 2019 09:18:42 GMT" time="5.740" errors="0">
  <testcase name="blogclick_moonlytelaunch" time="5.740" classname="qa.com.test.flows.Moonlyteblogclickaction"/>
</testsuite> <!-- qa.com.test.flows.Moonlyteblogclickaction -->
