<?xml version="1.0" encoding="UTF-8"?>
<!-- Generated by org.testng.reporters.JUnitReportReporter -->
<testsuite hostname="EPLLP047" name="qa.com.test.testcases.RegisterTestcase" tests="3" failures="0" timestamp="19 Dec 2019 04:17:33 GMT" time="111.793" errors="0">
  <testcase name="EmailFacebookRegister" time="27.957" classname="qa.com.test.testcases.RegisterTestcase"/>
  <testcase name="GoogleRegisterTestcase" time="48.971" classname="qa.com.test.testcases.RegisterTestcase"/>
  <testcase name="RegisterManualEmailPasswordcorrect" time="34.865" classname="qa.com.test.testcases.RegisterTestcase"/>
</testsuite> <!-- qa.com.test.testcases.RegisterTestcase -->
