<?xml version="1.0" encoding="UTF-8"?>
<!-- Generated by org.testng.reporters.JUnitReportReporter -->
<testsuite hostname="EPLLP047" name="qa.com.test.testcases.LoginTestcase" tests="3" failures="0" timestamp="19 Dec 2019 04:17:33 GMT" time="83.848" errors="0">
  <testcase name="GoogleLoginTestcase" time="29.661" classname="qa.com.test.testcases.LoginTestcase"/>
  <testcase name="LoginManualEmailPasswordcorrect" time="24.977" classname="qa.com.test.testcases.LoginTestcase"/>
  <testcase name="EmailFacebookLogin" time="29.210" classname="qa.com.test.testcases.LoginTestcase"/>
</testsuite> <!-- qa.com.test.testcases.LoginTestcase -->
