<?xml version="1.0" encoding="UTF-8"?>
<!-- Generated by org.testng.reporters.JUnitReportReporter -->
<testsuite hostname="EPLLP047" name="qa.com.test.testcases.SellerOnboardingTestcase" tests="1" failures="0" timestamp="19 Dec 2019 04:17:33 GMT" time="57.264" errors="0">
  <testcase name="sellerOnboardingUsingDataBaseskill" time="57.264" classname="qa.com.test.testcases.SellerOnboardingTestcase"/>
</testsuite> <!-- qa.com.test.testcases.SellerOnboardingTestcase -->
