<?xml version="1.0" encoding="UTF-8"?>
<!-- Generated by org.testng.reporters.JUnitReportReporter -->
<testsuite hostname="EPLLP047" name="qa.com.test.testcases.BuyerRegistrationTestcase" tests="1" failures="0" timestamp="19 Dec 2019 04:17:33 GMT" time="53.658" errors="0">
  <testcase name="buyerRegistrationNonasIndividual" time="53.658" classname="qa.com.test.testcases.BuyerRegistrationTestcase"/>
</testsuite> <!-- qa.com.test.testcases.BuyerRegistrationTestcase -->
